[debug] [2025-10-18T00:53:29.852Z] ----------------------------------------------------------------------
[debug] [2025-10-18T00:53:29.854Z] Command:       C:\Program Files\nodejs\node.exe C:\Users\Administrator\AppData\Roaming\npm\node_modules\firebase-tools\lib\bin\firebase.js init
[debug] [2025-10-18T00:53:29.855Z] CLI Version:   14.15.2
[debug] [2025-10-18T00:53:29.855Z] Platform:      win32
[debug] [2025-10-18T00:53:29.855Z] Node Version:  v22.20.0
[debug] [2025-10-18T00:53:29.855Z] Time:          Sat Oct 18 2025 09:53:29 GMT+0900 (대한민국 표준시)
[debug] [2025-10-18T00:53:29.855Z] ----------------------------------------------------------------------
[debug] 
[debug] [2025-10-18T00:53:29.993Z] > command requires scopes: ["email","openid","https://www.googleapis.com/auth/cloudplatformprojects.readonly","https://www.googleapis.com/auth/firebase","https://www.googleapis.com/auth/cloud-platform"]
[debug] [2025-10-18T00:53:29.993Z] > authorizing via signed-in user (gmlqja7913@gmail.com)
[info] 
     ######## #### ########  ######## ########     ###     ######  ########
     ##        ##  ##     ## ##       ##     ##  ##   ##  ##       ##
     ######    ##  ########  ######   ########  #########  ######  ######
     ##        ##  ##    ##  ##       ##     ## ##     ##       ## ##
     ##       #### ##     ## ######## ########  ##     ##  ######  ########

You're about to initialize a Firebase project in this directory:

  C:\Users\Administrator\Desktop\Develop\project\react-disney-plus-app

Before we get started, keep in mind:

  * You are initializing within an existing Firebase project directory

[debug] [2025-10-18T00:53:38.268Z] ExitPromptError: User force closed the prompt with SIGINT
    at Interface.sigint (C:\Users\Administrator\AppData\Roaming\npm\node_modules\firebase-tools\node_modules\@inquirer\core\dist\commonjs\lib\create-prompt.js:101:37)
    at Interface.emit (node:events:519:28)
    at Interface.emit (node:domain:489:12)
    at [_ttyWrite] [as _ttyWrite] (node:internal/readline/interface:1128:18)
    at ReadStream.onkeypress (node:internal/readline/interface:271:20)
    at ReadStream.emit (node:events:531:35)
    at ReadStream.emit (node:domain:489:12)
    at emitKeys (node:internal/readline/utils:370:14)
    at emitKeys.next (<anonymous>)
    at ReadStream.onData (node:internal/readline/emitKeypressEvents:64:36)
[error] 
[error] Error: An unexpected error has occurred.
